

***********************************************************************
Fatal NI connect error 12541, connecting to:
 (DESCRIPTION=(CONNECT_DATA=(SERVICE_NAME=ergon)(CID=(PROGRAM=httpd)(HOST=pombo.proderj.rj.gov.br)(USER=apache)))(ADDRESS=(PROTOCOL=TCP)(HOST=10.9.41.19)(PORT=1530)))

  VERSION INFORMATION:
	TNS for Linux: Version 10.2.0.2.0 - Production
	TCP/IP NT Protocol Adapter for Linux: Version 10.2.0.2.0 - Production
  Time: 05-FEV-2013 10:59:49
  Tracing not turned on.
  Tns error struct:
    ns main err code: 12541
    TNS-12541: TNS:no listener
    ns secondary err code: 12560
    nt main err code: 511
    TNS-00511: No listener
    nt secondary err code: 111


***********************************************************************
Fatal NI connect error 12541, connecting to:
 (DESCRIPTION=(CONNECT_DATA=(SERVICE_NAME=ergon)(CID=(PROGRAM=httpd)(HOST=pombo.proderj.rj.gov.br)(USER=apache)))(ADDRESS=(PROTOCOL=TCP)(HOST=10.9.41.19)(PORT=1530)))

  VERSION INFORMATION:
	TNS for Linux: Version 10.2.0.2.0 - Production
	TCP/IP NT Protocol Adapter for Linux: Version 10.2.0.2.0 - Production
  Time: 05-FEV-2013 11:07:50
  Tracing not turned on.
  Tns error struct:
    ns main err code: 12541
    TNS-12541: TNS:no listener
    ns secondary err code: 12560
    nt main err code: 511
    TNS-00511: No listener
    nt secondary err code: 111
    nt OS err code: 0


***********************************************************************
Fatal NI connect error 12541, connecting to:
 (DESCRIPTION=(CONNECT_DATA=(SERVICE_NAME=ergon)(CID=(PROGRAM=httpd)(HOST=pombo.proderj.rj.gov.br)(USER=apache)))(ADDRESS=(PROTOCOL=TCP)(HOST=10.9.41.19)(PORT=1530)))

  VERSION INFORMATION:
	TNS for Linux: Version 10.2.0.2.0 - Production
	TCP/IP NT Protocol Adapter for Linux: Version 10.2.0.2.0 - Production
  Time: 05-FEV-2013 12:04:09
  Tracing not turned on.
  Tns error struct:
    ns main err code: 12541
    TNS-12541: TNS:no listener
    ns secondary err code: 12560
    nt main err code: 511
    TNS-00511: No listener
    nt secondary err code: 111
    nt OS err code: 0


***********************************************************************
Fatal NI connect error 12541, connecting to:
 (DESCRIPTION=(CONNECT_DATA=(SERVICE_NAME=ergon)(CID=(PROGRAM=httpd)(HOST=pombo.proderj.rj.gov.br)(USER=apache)))(ADDRESS=(PROTOCOL=TCP)(HOST=10.9.41.19)(PORT=1530)))

  VERSION INFORMATION:
	TNS for Linux: Version 10.2.0.2.0 - Production
	TCP/IP NT Protocol Adapter for Linux: Version 10.2.0.2.0 - Production
  Time: 05-FEV-2013 12:26:05
  Tracing not turned on.
  Tns error struct:
    ns main err code: 12541
    TNS-12541: TNS:no listener
    ns secondary err code: 12560
    nt main err code: 511
    TNS-00511: No listener
    nt secondary err code: 111


***********************************************************************
Fatal NI connect error 12541, connecting to:
 (DESCRIPTION=(CONNECT_DATA=(SERVICE_NAME=ergon)(CID=(PROGRAM=httpd)(HOST=pombo.proderj.rj.gov.br)(USER=apache)))(ADDRESS=(PROTOCOL=TCP)(HOST=10.9.41.19)(PORT=1530)))

  VERSION INFORMATION:
	TNS for Linux: Version 10.2.0.2.0 - Production
	TCP/IP NT Protocol Adapter for Linux: Version 10.2.0.2.0 - Production
  Time: 05-FEV-2013 12:28:33
  Tracing not turned on.
  Tns error struct:
    ns main err code: 12541
    TNS-12541: TNS:no listener
    ns secondary err code: 12560
    nt main err code: 511
    TNS-00511: No listener
    nt secondary err code: 111
    nt OS err code: 0


***********************************************************************
Fatal NI connect error 12541, connecting to:
 (DESCRIPTION=(CONNECT_DATA=(SERVICE_NAME=ergon)(CID=(PROGRAM=httpd)(HOST=pombo.proderj.rj.gov.br)(USER=apache)))(ADDRESS=(PROTOCOL=TCP)(HOST=10.9.41.19)(PORT=1530)))

  VERSION INFORMATION:
	TNS for Linux: Version 10.2.0.2.0 - Production
	TCP/IP NT Protocol Adapter for Linux: Version 10.2.0.2.0 - Production
  Time: 05-FEV-2013 13:13:09
  Tracing not turned on.
  Tns error struct:
    ns main err code: 12541
    TNS-12541: TNS:no listener
    ns secondary err code: 12560
    nt main err code: 511
    TNS-00511: No listener
    nt secondary err code: 111
    nt OS err code: 0
    nt OS err code: 0
    nt OS err code: 0


***********************************************************************
Fatal NI connect error 12541, connecting to:
 (DESCRIPTION=(CONNECT_DATA=(SERVICE_NAME=ergon)(CID=(PROGRAM=httpd)(HOST=pombo.proderj.rj.gov.br)(USER=apache)))(ADDRESS=(PROTOCOL=TCP)(HOST=10.9.41.19)(PORT=1530)))

  VERSION INFORMATION:
	TNS for Linux: Version 10.2.0.2.0 - Production
	TCP/IP NT Protocol Adapter for Linux: Version 10.2.0.2.0 - Production
  Time: 29-JUN-2013 10:11:50
  Tracing not turned on.
  Tns error struct:
    ns main err code: 12541
    TNS-12541: TNS:no listener
    ns secondary err code: 12560
    nt main err code: 511
    TNS-00511: No listener
    nt secondary err code: 111


***********************************************************************
Fatal NI connect error 12541, connecting to:
 (DESCRIPTION=(CONNECT_DATA=(SERVICE_NAME=ergon)(CID=(PROGRAM=httpd)(HOST=pombo.proderj.rj.gov.br)(USER=apache)))(ADDRESS=(PROTOCOL=TCP)(HOST=10.9.41.19)(PORT=1530)))

  VERSION INFORMATION:
	TNS for Linux: Version 10.2.0.2.0 - Production
	TCP/IP NT Protocol Adapter for Linux: Version 10.2.0.2.0 - Production
  Time: 29-JUN-2013 10:13:10
  Tracing not turned on.
  Tns error struct:
    ns main err code: 12541
    TNS-12541: TNS:no listener
    ns secondary err code: 12560
    nt main err code: 511
    TNS-00511: No listener
    nt secondary err code: 111


***********************************************************************
Fatal NI connect error 12541, connecting to:
 (DESCRIPTION=(CONNECT_DATA=(SERVICE_NAME=ergon)(CID=(PROGRAM=httpd)(HOST=pombo.proderj.rj.gov.br)(USER=apache)))(ADDRESS=(PROTOCOL=TCP)(HOST=10.9.41.19)(PORT=1530)))

  VERSION INFORMATION:
	TNS for Linux: Version 10.2.0.2.0 - Production
	TCP/IP NT Protocol Adapter for Linux: Version 10.2.0.2.0 - Production
  Time: 29-JUN-2013 10:24:52
  Tracing not turned on.
  Tns error struct:
    ns main err code: 12541
    TNS-12541: TNS:no listener
    ns secondary err code: 12560
    nt main err code: 511
    TNS-00511: No listener
    nt secondary err code: 111
    nt OS err code: 0
    nt OS err code: 0
    nt OS err code: 0


***********************************************************************
Fatal NI connect error 12541, connecting to:
 (DESCRIPTION=(CONNECT_DATA=(SERVICE_NAME=ergon)(CID=(PROGRAM=httpd)(HOST=pombo.proderj.rj.gov.br)(USER=apache)))(ADDRESS=(PROTOCOL=TCP)(HOST=10.9.41.19)(PORT=1530)))

  VERSION INFORMATION:
	TNS for Linux: Version 10.2.0.2.0 - Production
	TCP/IP NT Protocol Adapter for Linux: Version 10.2.0.2.0 - Production
  Time: 05-JUL-2013 19:59:22
  Tracing not turned on.
  Tns error struct:
    ns main err code: 12541
    TNS-12541: TNS:no listener
    ns secondary err code: 12560
    nt main err code: 511
    TNS-00511: No listener
    nt secondary err code: 111
    nt OS err code: 0


***********************************************************************
Fatal NI connect error 12541, connecting to:
 (DESCRIPTION=(CONNECT_DATA=(SERVICE_NAME=ergon)(CID=(PROGRAM=httpd)(HOST=pombo.proderj.rj.gov.br)(USER=apache)))(ADDRESS=(PROTOCOL=TCP)(HOST=10.9.41.19)(PORT=1530)))

  VERSION INFORMATION:
	TNS for Linux: Version 10.2.0.2.0 - Production
	TCP/IP NT Protocol Adapter for Linux: Version 10.2.0.2.0 - Production
  Time: 10-SET-2013 13:38:31
  Tracing not turned on.
  Tns error struct:
    ns main err code: 12541
    TNS-12541: TNS:no listener
    ns secondary err code: 12560
    nt main err code: 511
    TNS-00511: No listener
    nt secondary err code: 111
    nt OS err code: 0


***********************************************************************
Fatal NI connect error 12541, connecting to:
 (DESCRIPTION=(CONNECT_DATA=(SERVICE_NAME=ergon)(CID=(PROGRAM=httpd)(HOST=pombo.proderj.rj.gov.br)(USER=apache)))(ADDRESS=(PROTOCOL=TCP)(HOST=10.9.41.19)(PORT=1530)))

  VERSION INFORMATION:
	TNS for Linux: Version 10.2.0.2.0 - Production
	TCP/IP NT Protocol Adapter for Linux: Version 10.2.0.2.0 - Production
  Time: 10-SET-2013 13:38:31
  Tracing not turned on.
  Tns error struct:
    ns main err code: 12541
    TNS-12541: TNS:no listener
    ns secondary err code: 12560
    nt main err code: 511
    TNS-00511: No listener
    nt secondary err code: 111
    nt OS err code: 0


***********************************************************************
Fatal NI connect error 12541, connecting to:
 (DESCRIPTION=(CONNECT_DATA=(SERVICE_NAME=ergon)(CID=(PROGRAM=httpd)(HOST=pombo.proderj.rj.gov.br)(USER=apache)))(ADDRESS=(PROTOCOL=TCP)(HOST=10.9.41.19)(PORT=1530)))

  VERSION INFORMATION:
	TNS for Linux: Version 10.2.0.2.0 - Production
	TCP/IP NT Protocol Adapter for Linux: Version 10.2.0.2.0 - Production
  Time: 10-SET-2013 13:38:31
  Tracing not turned on.
  Tns error struct:
    ns main err code: 12541
    TNS-12541: TNS:no listener
    ns secondary err code: 12560
    nt main err code: 511
    TNS-00511: No listener
    nt secondary err code: 111
    nt OS err code: 0


***********************************************************************
Fatal NI connect error 12541, connecting to:
 (DESCRIPTION=(CONNECT_DATA=(SERVICE_NAME=ergon)(CID=(PROGRAM=httpd)(HOST=pombo.proderj.rj.gov.br)(USER=apache)))(ADDRESS=(PROTOCOL=TCP)(HOST=10.9.41.19)(PORT=1530)))

  VERSION INFORMATION:
	TNS for Linux: Version 10.2.0.2.0 - Production
	TCP/IP NT Protocol Adapter for Linux: Version 10.2.0.2.0 - Production
  Time: 10-SET-2013 13:38:31
  Tracing not turned on.
  Tns error struct:
    ns main err code: 12541
    TNS-12541: TNS:no listener
    ns secondary err code: 12560
    nt main err code: 511
    TNS-00511: No listener
    nt secondary err code: 111
    nt OS err code: 0


***********************************************************************
Fatal NI connect error 12541, connecting to:
 (DESCRIPTION=(CONNECT_DATA=(SERVICE_NAME=ergon)(CID=(PROGRAM=httpd)(HOST=pombo.proderj.rj.gov.br)(USER=apache)))(ADDRESS=(PROTOCOL=TCP)(HOST=10.9.41.19)(PORT=1530)))

  VERSION INFORMATION:
	TNS for Linux: Version 10.2.0.2.0 - Production
	TCP/IP NT Protocol Adapter for Linux: Version 10.2.0.2.0 - Production
  Time: 10-SET-2013 13:38:31
  Tracing not turned on.
  Tns error struct:
    ns main err code: 12541
    TNS-12541: TNS:no listener
    ns secondary err code: 12560
    nt main err code: 511
    TNS-00511: No listener
    nt secondary err code: 111
    nt OS err code: 0


***********************************************************************
Fatal NI connect error 12541, connecting to:
 (DESCRIPTION=(CONNECT_DATA=(SERVICE_NAME=ergon)(CID=(PROGRAM=httpd)(HOST=pombo.proderj.rj.gov.br)(USER=apache)))(ADDRESS=(PROTOCOL=TCP)(HOST=10.9.41.19)(PORT=1530)))

  VERSION INFORMATION:
	TNS for Linux: Version 10.2.0.2.0 - Production
	TCP/IP NT Protocol Adapter for Linux: Version 10.2.0.2.0 - Production
  Time: 10-SET-2013 13:38:31
  Tracing not turned on.
  Tns error struct:
    ns main err code: 12541
    TNS-12541: TNS:no listener
    ns secondary err code: 12560
    nt main err code: 511
    TNS-00511: No listener
    nt secondary err code: 111
    nt OS err code: 0


***********************************************************************
Fatal NI connect error 12541, connecting to:
 (DESCRIPTION=(CONNECT_DATA=(SERVICE_NAME=ergon)(CID=(PROGRAM=httpd)(HOST=pombo.proderj.rj.gov.br)(USER=apache)))(ADDRESS=(PROTOCOL=TCP)(HOST=10.9.41.19)(PORT=1530)))

  VERSION INFORMATION:
	TNS for Linux: Version 10.2.0.2.0 - Production
	TCP/IP NT Protocol Adapter for Linux: Version 10.2.0.2.0 - Production
  Time: 10-SET-2013 13:40:24
  Tracing not turned on.
  Tns error struct:
    ns main err code: 12541
    TNS-12541: TNS:no listener
    ns secondary err code: 12560
    nt main err code: 511
    TNS-00511: No listener
    nt secondary err code: 111
    nt OS err code: 0


***********************************************************************
Fatal NI connect error 12541, connecting to:
 (DESCRIPTION=(CONNECT_DATA=(SERVICE_NAME=ergon)(CID=(PROGRAM=httpd)(HOST=pombo.proderj.rj.gov.br)(USER=apache)))(ADDRESS=(PROTOCOL=TCP)(HOST=10.9.41.19)(PORT=1530)))

  VERSION INFORMATION:
	TNS for Linux: Version 10.2.0.2.0 - Production
	TCP/IP NT Protocol Adapter for Linux: Version 10.2.0.2.0 - Production
  Time: 13-SET-2013 15:00:34
  Tracing not turned on.
  Tns error struct:
    ns main err code: 12541
    TNS-12541: TNS:no listener
    ns secondary err code: 12560
    nt main err code: 511
    TNS-00511: No listener
    nt secondary err code: 111
    nt OS err code: 0


***********************************************************************
Fatal NI connect error 12541, connecting to:
 (DESCRIPTION=(CONNECT_DATA=(SERVICE_NAME=ergon)(CID=(PROGRAM=httpd)(HOST=pombo.proderj.rj.gov.br)(USER=apache)))(ADDRESS=(PROTOCOL=TCP)(HOST=10.9.41.19)(PORT=1530)))

  VERSION INFORMATION:
	TNS for Linux: Version 10.2.0.2.0 - Production
	TCP/IP NT Protocol Adapter for Linux: Version 10.2.0.2.0 - Production
  Time: 13-SET-2013 15:00:34
  Tracing not turned on.
  Tns error struct:
    ns main err code: 12541
    TNS-12541: TNS:no listener
    ns secondary err code: 12560
    nt main err code: 511
    TNS-00511: No listener
    nt secondary err code: 111
    nt OS err code: 0


***********************************************************************
Fatal NI connect error 12541, connecting to:
 (DESCRIPTION=(CONNECT_DATA=(SERVICE_NAME=ergon)(CID=(PROGRAM=httpd)(HOST=pombo.proderj.rj.gov.br)(USER=apache)))(ADDRESS=(PROTOCOL=TCP)(HOST=10.9.41.19)(PORT=1530)))

  VERSION INFORMATION:
	TNS for Linux: Version 10.2.0.2.0 - Production
	TCP/IP NT Protocol Adapter for Linux: Version 10.2.0.2.0 - Production
  Time: 17-SET-2013 06:11:25
  Tracing not turned on.
  Tns error struct:
    ns main err code: 12541
    TNS-12541: TNS:no listener
    ns secondary err code: 12560
    nt main err code: 511
    TNS-00511: No listener
    nt secondary err code: 111
    nt OS err code: 0


***********************************************************************
Fatal NI connect error 12541, connecting to:
 (DESCRIPTION=(CONNECT_DATA=(SERVICE_NAME=ergon)(CID=(PROGRAM=httpd)(HOST=pombo.proderj.rj.gov.br)(USER=apache)))(ADDRESS=(PROTOCOL=TCP)(HOST=10.9.41.19)(PORT=1530)))

  VERSION INFORMATION:
	TNS for Linux: Version 10.2.0.2.0 - Production
	TCP/IP NT Protocol Adapter for Linux: Version 10.2.0.2.0 - Production
  Time: 17-SET-2013 07:14:28
  Tracing not turned on.
  Tns error struct:
    ns main err code: 12541
    TNS-12541: TNS:no listener
    ns secondary err code: 12560
    nt main err code: 511
    TNS-00511: No listener
    nt secondary err code: 111
    nt OS err code: 0


***********************************************************************
Fatal NI connect error 12541, connecting to:
 (DESCRIPTION=(CONNECT_DATA=(SERVICE_NAME=ergon)(CID=(PROGRAM=httpd)(HOST=pombo.proderj.rj.gov.br)(USER=apache)))(ADDRESS=(PROTOCOL=TCP)(HOST=10.9.41.19)(PORT=1530)))

  VERSION INFORMATION:
	TNS for Linux: Version 10.2.0.2.0 - Production
	TCP/IP NT Protocol Adapter for Linux: Version 10.2.0.2.0 - Production
  Time: 17-SET-2013 08:37:14
  Tracing not turned on.
  Tns error struct:
    ns main err code: 12541
    TNS-12541: TNS:no listener
    ns secondary err code: 12560
    nt main err code: 511
    TNS-00511: No listener
    nt secondary err code: 111
    nt OS err code: 0


***********************************************************************
Fatal NI connect error 12541, connecting to:
 (DESCRIPTION=(CONNECT_DATA=(SERVICE_NAME=ergon)(CID=(PROGRAM=httpd)(HOST=pombo.proderj.rj.gov.br)(USER=apache)))(ADDRESS=(PROTOCOL=TCP)(HOST=10.9.41.19)(PORT=1530)))

  VERSION INFORMATION:
	TNS for Linux: Version 10.2.0.2.0 - Production
	TCP/IP NT Protocol Adapter for Linux: Version 10.2.0.2.0 - Production
  Time: 17-SET-2013 12:51:17
  Tracing not turned on.
  Tns error struct:
    ns main err code: 12541
    TNS-12541: TNS:no listener
    ns secondary err code: 12560
    nt main err code: 511
    TNS-00511: No listener
    nt secondary err code: 111
    nt OS err code: 0


***********************************************************************
Fatal NI connect error 12541, connecting to:
 (DESCRIPTION=(CONNECT_DATA=(SERVICE_NAME=ergon)(CID=(PROGRAM=httpd)(HOST=pombo.proderj.rj.gov.br)(USER=apache)))(ADDRESS=(PROTOCOL=TCP)(HOST=10.9.41.19)(PORT=1530)))

  VERSION INFORMATION:
	TNS for Linux: Version 10.2.0.2.0 - Production
	TCP/IP NT Protocol Adapter for Linux: Version 10.2.0.2.0 - Production
  Time: 14-OUT-2013 15:52:36
  Tracing not turned on.
  Tns error struct:
    ns main err code: 12541
    TNS-12541: TNS:no listener
    ns secondary err code: 12560
    nt main err code: 511
    TNS-00511: No listener
    nt secondary err code: 111
    nt OS err code: 0


***********************************************************************
Fatal NI connect error 12541, connecting to:
 (DESCRIPTION=(CONNECT_DATA=(SERVICE_NAME=ergon)(CID=(PROGRAM=httpd)(HOST=pombo.proderj.rj.gov.br)(USER=apache)))(ADDRESS=(PROTOCOL=TCP)(HOST=10.9.41.19)(PORT=1530)))

  VERSION INFORMATION:
	TNS for Linux: Version 10.2.0.2.0 - Production
	TCP/IP NT Protocol Adapter for Linux: Version 10.2.0.2.0 - Production
  Time: 14-OUT-2013 15:52:36
  Tracing not turned on.
  Tns error struct:
    ns main err code: 12541
    TNS-12541: TNS:no listener
    ns secondary err code: 12560
    nt main err code: 511
    TNS-00511: No listener
    nt secondary err code: 111
    nt OS err code: 0


***********************************************************************
Fatal NI connect error 12541, connecting to:
 (DESCRIPTION=(CONNECT_DATA=(SERVICE_NAME=ergon)(CID=(PROGRAM=httpd)(HOST=pombo.proderj.rj.gov.br)(USER=apache)))(ADDRESS=(PROTOCOL=TCP)(HOST=10.9.41.19)(PORT=1530)))

  VERSION INFORMATION:
	TNS for Linux: Version 10.2.0.2.0 - Production
	TCP/IP NT Protocol Adapter for Linux: Version 10.2.0.2.0 - Production
  Time: 14-OUT-2013 15:52:36
  Tracing not turned on.
  Tns error struct:
    ns main err code: 12541
    TNS-12541: TNS:no listener
    ns secondary err code: 12560
    nt main err code: 511
    TNS-00511: No listener
    nt secondary err code: 111
    nt OS err code: 0


***********************************************************************
Fatal NI connect error 12541, connecting to:
 (DESCRIPTION=(CONNECT_DATA=(SERVICE_NAME=ergon)(CID=(PROGRAM=httpd)(HOST=pombo.proderj.rj.gov.br)(USER=apache)))(ADDRESS=(PROTOCOL=TCP)(HOST=10.9.41.19)(PORT=1530)))

  VERSION INFORMATION:
	TNS for Linux: Version 10.2.0.2.0 - Production
	TCP/IP NT Protocol Adapter for Linux: Version 10.2.0.2.0 - Production
  Time: 14-OUT-2013 15:52:36
  Tracing not turned on.
  Tns error struct:
    ns main err code: 12541
    TNS-12541: TNS:no listener
    ns secondary err code: 12560
    nt main err code: 511
    TNS-00511: No listener
    nt secondary err code: 111
    nt OS err code: 0


***********************************************************************
Fatal NI connect error 12541, connecting to:
 (DESCRIPTION=(CONNECT_DATA=(SERVICE_NAME=ergon)(CID=(PROGRAM=httpd)(HOST=pombo.proderj.rj.gov.br)(USER=apache)))(ADDRESS=(PROTOCOL=TCP)(HOST=10.9.41.19)(PORT=1530)))

  VERSION INFORMATION:
	TNS for Linux: Version 10.2.0.2.0 - Production
	TCP/IP NT Protocol Adapter for Linux: Version 10.2.0.2.0 - Production
  Time: 14-OUT-2013 15:52:36
  Tracing not turned on.
  Tns error struct:
    ns main err code: 12541
    TNS-12541: TNS:no listener
    ns secondary err code: 12560
    nt main err code: 511
    TNS-00511: No listener
    nt secondary err code: 111
    nt OS err code: 0


***********************************************************************
Fatal NI connect error 12541, connecting to:
 (DESCRIPTION=(CONNECT_DATA=(SERVICE_NAME=ergon)(CID=(PROGRAM=httpd)(HOST=pombo.proderj.rj.gov.br)(USER=apache)))(ADDRESS=(PROTOCOL=TCP)(HOST=10.9.41.19)(PORT=1530)))

  VERSION INFORMATION:
	TNS for Linux: Version 10.2.0.2.0 - Production
	TCP/IP NT Protocol Adapter for Linux: Version 10.2.0.2.0 - Production
  Time: 14-OUT-2013 15:52:36
  Tracing not turned on.
  Tns error struct:
    ns main err code: 12541
    TNS-12541: TNS:no listener
    ns secondary err code: 12560
    nt main err code: 511
    TNS-00511: No listener
    nt secondary err code: 111


***********************************************************************
Fatal NI connect error 12514, connecting to:
 (DESCRIPTION=(CONNECT_DATA=(SERVICE_NAME=ergon)(CID=(PROGRAM=httpd)(HOST=pombo.proderj.rj.gov.br)(USER=apache)))(ADDRESS=(PROTOCOL=TCP)(HOST=10.9.48.7)(PORT=1530)))

  VERSION INFORMATION:
	TNS for Linux: Version 10.2.0.2.0 - Production
	TCP/IP NT Protocol Adapter for Linux: Version 10.2.0.2.0 - Production
  Time: 15-OUT-2013 11:47:22
  Tracing not turned on.
  Tns error struct:
    ns main err code: 12564
    TNS-12564: TNS:connection refused
    ns secondary err code: 0
    nt main err code: 0
    nt secondary err code: 0
    nt OS err code: 0


***********************************************************************
Fatal NI connect error 12514, connecting to:
 (DESCRIPTION=(CONNECT_DATA=(SERVICE_NAME=ergon)(CID=(PROGRAM=httpd)(HOST=pombo.proderj.rj.gov.br)(USER=apache)))(ADDRESS=(PROTOCOL=TCP)(HOST=10.9.48.7)(PORT=1530)))

  VERSION INFORMATION:
	TNS for Linux: Version 10.2.0.2.0 - Production
	TCP/IP NT Protocol Adapter for Linux: Version 10.2.0.2.0 - Production
  Time: 15-OUT-2013 12:03:36
  Tracing not turned on.
  Tns error struct:
    ns main err code: 12564
    TNS-12564: TNS:connection refused
    ns secondary err code: 0
    nt main err code: 0
    nt secondary err code: 0
    nt OS err code: 0


***********************************************************************
Fatal NI connect error 12514, connecting to:
 (DESCRIPTION=(CONNECT_DATA=(SERVICE_NAME=ergon)(CID=(PROGRAM=httpd)(HOST=pombo.proderj.rj.gov.br)(USER=apache)))(ADDRESS=(PROTOCOL=TCP)(HOST=10.9.48.7)(PORT=1530)))

  VERSION INFORMATION:
	TNS for Linux: Version 10.2.0.2.0 - Production
	TCP/IP NT Protocol Adapter for Linux: Version 10.2.0.2.0 - Production
  Time: 15-OUT-2013 12:03:50
  Tracing not turned on.
  Tns error struct:
    ns main err code: 12564
    TNS-12564: TNS:connection refused
    ns secondary err code: 0
    nt main err code: 0
    nt secondary err code: 0
    nt OS err code: 0
    nt OS err code: 0


***********************************************************************
Fatal NI connect error 12547, connecting to:
 (DESCRIPTION=(CONNECT_DATA=(SERVICE_NAME=ergon)(CID=(PROGRAM=httpd)(HOST=pombo.proderj.rj.gov.br)(USER=apache)))(ADDRESS=(PROTOCOL=TCP)(HOST=10.9.41.19)(PORT=1530)))

  VERSION INFORMATION:
	TNS for Linux: Version 10.2.0.2.0 - Production
	TCP/IP NT Protocol Adapter for Linux: Version 10.2.0.2.0 - Production
  Time: 05-NOV-2013 14:50:28
  Tracing not turned on.
  Tns error struct:
    ns main err code: 12547
    TNS-12547: TNS:lost contact
    ns secondary err code: 12560
    nt main err code: 517
    TNS-00517: Lost contact
    nt secondary err code: 104
    nt OS err code: 0


***********************************************************************
Fatal NI connect error 12541, connecting to:
 (DESCRIPTION=(CONNECT_DATA=(SERVICE_NAME=ergon)(CID=(PROGRAM=httpd)(HOST=pombo.proderj.rj.gov.br)(USER=apache)))(ADDRESS=(PROTOCOL=TCP)(HOST=10.9.41.19)(PORT=1530)))

  VERSION INFORMATION:
	TNS for Linux: Version 10.2.0.2.0 - Production
	TCP/IP NT Protocol Adapter for Linux: Version 10.2.0.2.0 - Production
  Time: 05-NOV-2013 14:50:28
  Tracing not turned on.
  Tns error struct:
    ns main err code: 12541
    TNS-12541: TNS:no listener
    ns secondary err code: 12560
    nt main err code: 511
    TNS-00511: No listener
    nt secondary err code: 111
    nt OS err code: 0


***********************************************************************
Fatal NI connect error 12541, connecting to:
 (DESCRIPTION=(CONNECT_DATA=(SERVICE_NAME=ergon)(CID=(PROGRAM=httpd)(HOST=pombo.proderj.rj.gov.br)(USER=apache)))(ADDRESS=(PROTOCOL=TCP)(HOST=10.9.41.19)(PORT=1530)))

  VERSION INFORMATION:
	TNS for Linux: Version 10.2.0.2.0 - Production
	TCP/IP NT Protocol Adapter for Linux: Version 10.2.0.2.0 - Production
  Time: 05-NOV-2013 14:50:28
  Tracing not turned on.
  Tns error struct:
    ns main err code: 12541
    TNS-12541: TNS:no listener
    ns secondary err code: 12560
    nt main err code: 511
    TNS-00511: No listener
    nt secondary err code: 111
    nt OS err code: 0


***********************************************************************
Fatal NI connect error 12541, connecting to:
 (DESCRIPTION=(CONNECT_DATA=(SERVICE_NAME=ergon)(CID=(PROGRAM=httpd)(HOST=pombo.proderj.rj.gov.br)(USER=apache)))(ADDRESS=(PROTOCOL=TCP)(HOST=10.9.41.19)(PORT=1530)))

  VERSION INFORMATION:
	TNS for Linux: Version 10.2.0.2.0 - Production
	TCP/IP NT Protocol Adapter for Linux: Version 10.2.0.2.0 - Production
  Time: 05-NOV-2013 14:50:28
  Tracing not turned on.
  Tns error struct:
    ns main err code: 12541
    TNS-12541: TNS:no listener
    ns secondary err code: 12560
    nt main err code: 511
    TNS-00511: No listener
    nt secondary err code: 111
    nt OS err code: 0


***********************************************************************
Fatal NI connect error 12541, connecting to:
 (DESCRIPTION=(CONNECT_DATA=(SERVICE_NAME=ergon)(CID=(PROGRAM=httpd)(HOST=pombo.proderj.rj.gov.br)(USER=apache)))(ADDRESS=(PROTOCOL=TCP)(HOST=10.9.41.19)(PORT=1530)))

  VERSION INFORMATION:
	TNS for Linux: Version 10.2.0.2.0 - Production
	TCP/IP NT Protocol Adapter for Linux: Version 10.2.0.2.0 - Production
  Time: 05-NOV-2013 14:50:28
  Tracing not turned on.
  Tns error struct:
    ns main err code: 12541
    TNS-12541: TNS:no listener
    ns secondary err code: 12560
    nt main err code: 511
    TNS-00511: No listener
    nt secondary err code: 111
    nt OS err code: 0


***********************************************************************
Fatal NI connect error 12541, connecting to:
 (DESCRIPTION=(CONNECT_DATA=(SERVICE_NAME=ergon)(CID=(PROGRAM=httpd)(HOST=pombo.proderj.rj.gov.br)(USER=apache)))(ADDRESS=(PROTOCOL=TCP)(HOST=10.9.41.19)(PORT=1530)))

  VERSION INFORMATION:
	TNS for Linux: Version 10.2.0.2.0 - Production
	TCP/IP NT Protocol Adapter for Linux: Version 10.2.0.2.0 - Production
  Time: 05-NOV-2013 14:50:28
  Tracing not turned on.
  Tns error struct:
    ns main err code: 12541
    TNS-12541: TNS:no listener
    ns secondary err code: 12560
    nt main err code: 511
    TNS-00511: No listener
    nt secondary err code: 111


***********************************************************************
Fatal NI connect error 12541, connecting to:
 (DESCRIPTION=(CONNECT_DATA=(SERVICE_NAME=ergon)(CID=(PROGRAM=httpd)(HOST=pombo.proderj.rj.gov.br)(USER=apache)))(ADDRESS=(PROTOCOL=TCP)(HOST=10.9.41.19)(PORT=1530)))

  VERSION INFORMATION:
	TNS for Linux: Version 10.2.0.2.0 - Production
	TCP/IP NT Protocol Adapter for Linux: Version 10.2.0.2.0 - Production
  Time: 05-NOV-2013 14:50:28
  Tracing not turned on.
  Tns error struct:
    ns main err code: 12541
    TNS-12541: TNS:no listener
    ns secondary err code: 12560
    nt main err code: 511
    TNS-00511: No listener
    nt secondary err code: 111
    nt OS err code: 0


***********************************************************************
Fatal NI connect error 12541, connecting to:
 (DESCRIPTION=(CONNECT_DATA=(SERVICE_NAME=ergon)(CID=(PROGRAM=httpd)(HOST=pombo.proderj.rj.gov.br)(USER=apache)))(ADDRESS=(PROTOCOL=TCP)(HOST=10.9.41.19)(PORT=1530)))

  VERSION INFORMATION:
	TNS for Linux: Version 10.2.0.2.0 - Production
	TCP/IP NT Protocol Adapter for Linux: Version 10.2.0.2.0 - Production
  Time: 05-NOV-2013 14:50:28
  Tracing not turned on.
  Tns error struct:
    ns main err code: 12541
    TNS-12541: TNS:no listener
    ns secondary err code: 12560
    nt main err code: 511
    TNS-00511: No listener
    nt secondary err code: 111
    nt OS err code: 0


***********************************************************************
Fatal NI connect error 12541, connecting to:
 (DESCRIPTION=(CONNECT_DATA=(SERVICE_NAME=ergon)(CID=(PROGRAM=httpd)(HOST=pombo.proderj.rj.gov.br)(USER=apache)))(ADDRESS=(PROTOCOL=TCP)(HOST=10.9.41.19)(PORT=1530)))

  VERSION INFORMATION:
	TNS for Linux: Version 10.2.0.2.0 - Production
	TCP/IP NT Protocol Adapter for Linux: Version 10.2.0.2.0 - Production
  Time: 05-NOV-2013 14:50:28
  Tracing not turned on.
  Tns error struct:
    ns main err code: 12541
    TNS-12541: TNS:no listener
    ns secondary err code: 12560
    nt main err code: 511
    TNS-00511: No listener
    nt secondary err code: 111
    nt OS err code: 0


***********************************************************************
Fatal NI connect error 12541, connecting to:
 (DESCRIPTION=(CONNECT_DATA=(SERVICE_NAME=ergon)(CID=(PROGRAM=httpd)(HOST=pombo.proderj.rj.gov.br)(USER=apache)))(ADDRESS=(PROTOCOL=TCP)(HOST=10.9.41.19)(PORT=1530)))

  VERSION INFORMATION:
	TNS for Linux: Version 10.2.0.2.0 - Production
	TCP/IP NT Protocol Adapter for Linux: Version 10.2.0.2.0 - Production
  Time: 05-NOV-2013 14:50:28
  Tracing not turned on.
  Tns error struct:
    ns main err code: 12541
    TNS-12541: TNS:no listener
    ns secondary err code: 12560
    nt main err code: 511
    TNS-00511: No listener
    nt secondary err code: 111
    nt OS err code: 0


***********************************************************************
Fatal NI connect error 12541, connecting to:
 (DESCRIPTION=(CONNECT_DATA=(SERVICE_NAME=ergon)(CID=(PROGRAM=httpd)(HOST=pombo.proderj.rj.gov.br)(USER=apache)))(ADDRESS=(PROTOCOL=TCP)(HOST=10.9.41.19)(PORT=1530)))

  VERSION INFORMATION:
	TNS for Linux: Version 10.2.0.2.0 - Production
	TCP/IP NT Protocol Adapter for Linux: Version 10.2.0.2.0 - Production
  Time: 05-NOV-2013 14:50:28
  Tracing not turned on.
  Tns error struct:
    ns main err code: 12541
    TNS-12541: TNS:no listener
    ns secondary err code: 12560
    nt main err code: 511
    TNS-00511: No listener
    nt secondary err code: 111
    nt OS err code: 0


***********************************************************************
Fatal NI connect error 12541, connecting to:
 (DESCRIPTION=(CONNECT_DATA=(SERVICE_NAME=ergon)(CID=(PROGRAM=httpd)(HOST=pombo.proderj.rj.gov.br)(USER=apache)))(ADDRESS=(PROTOCOL=TCP)(HOST=10.9.41.19)(PORT=1530)))

  VERSION INFORMATION:
	TNS for Linux: Version 10.2.0.2.0 - Production
	TCP/IP NT Protocol Adapter for Linux: Version 10.2.0.2.0 - Production
  Time: 05-NOV-2013 14:50:28
  Tracing not turned on.
  Tns error struct:
    ns main err code: 12541
    TNS-12541: TNS:no listener
    ns secondary err code: 12560
    nt main err code: 511
    TNS-00511: No listener
    nt secondary err code: 111
    nt OS err code: 0
    nt OS err code: 0


***********************************************************************
Fatal NI connect error 12541, connecting to:
 (DESCRIPTION=(CONNECT_DATA=(SERVICE_NAME=ergon)(CID=(PROGRAM=httpd)(HOST=pombo.proderj.rj.gov.br)(USER=apache)))(ADDRESS=(PROTOCOL=TCP)(HOST=10.9.41.19)(PORT=1530)))

  VERSION INFORMATION:
	TNS for Linux: Version 10.2.0.2.0 - Production
	TCP/IP NT Protocol Adapter for Linux: Version 10.2.0.2.0 - Production
  Time: 03-DEZ-2013 13:52:31
  Tracing not turned on.
  Tns error struct:
    ns main err code: 12541
    TNS-12541: TNS:no listener
    ns secondary err code: 12560
    nt main err code: 511
    TNS-00511: No listener
    nt secondary err code: 111
    nt OS err code: 0


***********************************************************************
Fatal NI connect error 12541, connecting to:
 (DESCRIPTION=(CONNECT_DATA=(SERVICE_NAME=ergon)(CID=(PROGRAM=httpd)(HOST=pombo.proderj.rj.gov.br)(USER=apache)))(ADDRESS=(PROTOCOL=TCP)(HOST=10.9.41.19)(PORT=1530)))

  VERSION INFORMATION:
	TNS for Linux: Version 10.2.0.2.0 - Production
	TCP/IP NT Protocol Adapter for Linux: Version 10.2.0.2.0 - Production
  Time: 03-DEZ-2013 13:52:31
  Tracing not turned on.
  Tns error struct:
    ns main err code: 12541
    TNS-12541: TNS:no listener
    ns secondary err code: 12560
    nt main err code: 511
    TNS-00511: No listener
    nt secondary err code: 111
    nt OS err code: 0


***********************************************************************
Fatal NI connect error 12541, connecting to:
 (DESCRIPTION=(CONNECT_DATA=(SERVICE_NAME=ergon)(CID=(PROGRAM=httpd)(HOST=pombo.proderj.rj.gov.br)(USER=apache)))(ADDRESS=(PROTOCOL=TCP)(HOST=10.9.41.19)(PORT=1530)))

  VERSION INFORMATION:
	TNS for Linux: Version 10.2.0.2.0 - Production
	TCP/IP NT Protocol Adapter for Linux: Version 10.2.0.2.0 - Production
  Time: 03-DEZ-2013 13:52:31
  Tracing not turned on.
  Tns error struct:
    ns main err code: 12541
    TNS-12541: TNS:no listener
    ns secondary err code: 12560
    nt main err code: 511
    TNS-00511: No listener
    nt secondary err code: 111
    nt OS err code: 0


***********************************************************************
Fatal NI connect error 12541, connecting to:
 (DESCRIPTION=(CONNECT_DATA=(SERVICE_NAME=ergon)(CID=(PROGRAM=httpd)(HOST=pombo.proderj.rj.gov.br)(USER=apache)))(ADDRESS=(PROTOCOL=TCP)(HOST=10.9.41.19)(PORT=1530)))

  VERSION INFORMATION:
	TNS for Linux: Version 10.2.0.2.0 - Production
	TCP/IP NT Protocol Adapter for Linux: Version 10.2.0.2.0 - Production
  Time: 03-DEZ-2013 13:52:31
  Tracing not turned on.
  Tns error struct:
    ns main err code: 12541
    TNS-12541: TNS:no listener
    ns secondary err code: 12560
    nt main err code: 511
    TNS-00511: No listener
    nt secondary err code: 111
    nt OS err code: 0


***********************************************************************
Fatal NI connect error 12541, connecting to:
 (DESCRIPTION=(CONNECT_DATA=(SERVICE_NAME=ergon)(CID=(PROGRAM=httpd)(HOST=pombo.proderj.rj.gov.br)(USER=apache)))(ADDRESS=(PROTOCOL=TCP)(HOST=10.9.41.19)(PORT=1530)))

  VERSION INFORMATION:
	TNS for Linux: Version 10.2.0.2.0 - Production
	TCP/IP NT Protocol Adapter for Linux: Version 10.2.0.2.0 - Production
  Time: 03-DEZ-2013 13:52:31
  Tracing not turned on.
  Tns error struct:
    ns main err code: 12541
    TNS-12541: TNS:no listener
    ns secondary err code: 12560
    nt main err code: 511
    TNS-00511: No listener
    nt secondary err code: 111
    nt OS err code: 0


***********************************************************************
Fatal NI connect error 12541, connecting to:
 (DESCRIPTION=(CONNECT_DATA=(SERVICE_NAME=ergon)(CID=(PROGRAM=httpd)(HOST=pombo.proderj.rj.gov.br)(USER=apache)))(ADDRESS=(PROTOCOL=TCP)(HOST=10.9.41.19)(PORT=1530)))

  VERSION INFORMATION:
	TNS for Linux: Version 10.2.0.2.0 - Production
	TCP/IP NT Protocol Adapter for Linux: Version 10.2.0.2.0 - Production
  Time: 03-DEZ-2013 13:52:31
  Tracing not turned on.
  Tns error struct:
    ns main err code: 12541
    TNS-12541: TNS:no listener
    ns secondary err code: 12560
    nt main err code: 511
    TNS-00511: No listener
    nt secondary err code: 111
    nt OS err code: 0
